Wed Jan  5 00:51:46 2022       
+-----------------------------------------------------------------------------+
| NVIDIA-SMI 460.32.03    Driver Version: 460.32.03    CUDA Version: 11.2     |
|-------------------------------+----------------------+----------------------+
| GPU  Name        Persistence-M| Bus-Id        Disp.A | Volatile Uncorr. ECC |
| Fan  Temp  Perf  Pwr:Usage/Cap|         Memory-Usage | GPU-Util  Compute M. |
|                               |                      |               MIG M. |
|===============================+======================+======================|
|   0  Tesla P100-PCIE...  Off  | 00000000:04:00.0 Off |                    0 |
| N/A   29C    P0    54W / 250W |   2050MiB / 12198MiB |     51%      Default |
|                               |                      |                  N/A |
+-------------------------------+----------------------+----------------------+
                                                                               
+-----------------------------------------------------------------------------+
| Processes:                                                                  |
|  GPU   GI   CI        PID   Type   Process name                  GPU Memory |
|        ID   ID                                                   Usage      |
|=============================================================================|
|    0   N/A  N/A     12990      C   python                           1023MiB |
|    0   N/A  N/A     13121      C   python                           1025MiB |
+-----------------------------------------------------------------------------+
Constructing VAE with gaussian reconstruction loss
Using cuda device
---------------Beginning training------------------
Epoch 0
-----------------------
loss: 3.061749 [0/60000]
loss: 0.079748 [9600/60000]
loss: 0.081934 [19200/60000]
loss: 0.074233 [28800/60000]
loss: 0.064591 [38400/60000]
loss: 0.070219 [48000/60000]
loss: 0.066330 [57600/60000]
Saved best weights at epoch 0 with loss 0.069326
Epoch 1
-----------------------
loss: 0.065120 [0/60000]
loss: 0.070020 [9600/60000]
loss: 0.074465 [19200/60000]
loss: 0.072297 [28800/60000]
loss: 0.062591 [38400/60000]
loss: 0.070732 [48000/60000]
loss: 0.064497 [57600/60000]
Saved best weights at epoch 1 with loss 0.068635
Epoch 2
-----------------------
loss: 0.066081 [0/60000]
loss: 0.069387 [9600/60000]
loss: 0.073889 [19200/60000]
loss: 0.070819 [28800/60000]
loss: 0.063882 [38400/60000]
loss: 0.069311 [48000/60000]
loss: 0.063873 [57600/60000]
Saved best weights at epoch 2 with loss 0.067579
Epoch 3
-----------------------
loss: 0.063890 [0/60000]
loss: 0.070235 [9600/60000]
loss: 0.074466 [19200/60000]
loss: 0.069973 [28800/60000]
loss: 0.062699 [38400/60000]
loss: 0.069113 [48000/60000]
loss: 0.062868 [57600/60000]
Epoch 4
-----------------------
loss: 0.065062 [0/60000]
loss: 0.070105 [9600/60000]
loss: 0.073227 [19200/60000]
loss: 0.068165 [28800/60000]
loss: 0.062026 [38400/60000]
loss: 0.066811 [48000/60000]
loss: 0.062545 [57600/60000]
Epoch 5
-----------------------
loss: 0.063289 [0/60000]
loss: 0.068423 [9600/60000]
loss: 0.072081 [19200/60000]
loss: 0.067773 [28800/60000]
loss: 0.060262 [38400/60000]
loss: 0.066944 [48000/60000]
loss: 0.062080 [57600/60000]
Saved best weights at epoch 5 with loss 0.067401
Epoch 6
-----------------------
loss: 0.063579 [0/60000]
loss: 0.067782 [9600/60000]
loss: 0.071382 [19200/60000]
loss: 0.067565 [28800/60000]
loss: 0.060160 [38400/60000]
loss: 0.066351 [48000/60000]
loss: 0.061813 [57600/60000]
Epoch 7
-----------------------
loss: 0.062974 [0/60000]
loss: 0.067664 [9600/60000]
loss: 0.070138 [19200/60000]
loss: 0.068071 [28800/60000]
loss: 0.059827 [38400/60000]
loss: 0.066820 [48000/60000]
loss: 0.061296 [57600/60000]
Saved best weights at epoch 7 with loss 0.067265
Epoch 8
-----------------------
loss: 0.062576 [0/60000]
loss: 0.068294 [9600/60000]
loss: 0.070006 [19200/60000]
loss: 0.067780 [28800/60000]
loss: 0.060278 [38400/60000]
loss: 0.067426 [48000/60000]
loss: 0.061605 [57600/60000]
Saved best weights at epoch 8 with loss 0.067234
Epoch 9
-----------------------
loss: 0.062565 [0/60000]
loss: 0.067307 [9600/60000]
loss: 0.069607 [19200/60000]
loss: 0.068161 [28800/60000]
loss: 0.060699 [38400/60000]
loss: 0.066524 [48000/60000]
loss: 0.061046 [57600/60000]
Saved best weights at epoch 9 with loss 0.067180
Epoch 10
-----------------------
loss: 0.062629 [0/60000]
loss: 0.066956 [9600/60000]
loss: 0.069844 [19200/60000]
loss: 0.068075 [28800/60000]
loss: 0.059407 [38400/60000]
loss: 0.065900 [48000/60000]
loss: 0.061702 [57600/60000]
Epoch 11
-----------------------
loss: 0.063252 [0/60000]
loss: 0.066178 [9600/60000]
loss: 0.071135 [19200/60000]
loss: 0.066440 [28800/60000]
loss: 0.059306 [38400/60000]
loss: 0.066507 [48000/60000]
loss: 0.061690 [57600/60000]
Saved best weights at epoch 11 with loss 0.066412
Epoch 12
-----------------------
loss: 0.062163 [0/60000]
loss: 0.066012 [9600/60000]
loss: 0.069800 [19200/60000]
loss: 0.068109 [28800/60000]
loss: 0.059269 [38400/60000]
loss: 0.067249 [48000/60000]
loss: 0.061311 [57600/60000]
Saved best weights at epoch 12 with loss 0.065935
Epoch 13
-----------------------
loss: 0.062622 [0/60000]
loss: 0.066438 [9600/60000]
loss: 0.069571 [19200/60000]
loss: 0.066765 [28800/60000]
loss: 0.059338 [38400/60000]
loss: 0.066899 [48000/60000]
loss: 0.061672 [57600/60000]
Epoch 14
-----------------------
loss: 0.061969 [0/60000]
loss: 0.066280 [9600/60000]
loss: 0.069504 [19200/60000]
loss: 0.065836 [28800/60000]
loss: 0.059450 [38400/60000]
loss: 0.066757 [48000/60000]
loss: 0.062159 [57600/60000]
Saved best weights at epoch 14 with loss 0.065722
Epoch 15
-----------------------
loss: 0.061069 [0/60000]
loss: 0.066517 [9600/60000]
loss: 0.068862 [19200/60000]
loss: 0.065032 [28800/60000]
loss: 0.059811 [38400/60000]
loss: 0.066412 [48000/60000]
loss: 0.061009 [57600/60000]
Saved best weights at epoch 15 with loss 0.065681
Epoch 16
-----------------------
loss: 0.061942 [0/60000]
loss: 0.066496 [9600/60000]
loss: 0.069593 [19200/60000]
loss: 0.066675 [28800/60000]
loss: 0.059317 [38400/60000]
loss: 0.067176 [48000/60000]
loss: 0.061739 [57600/60000]
Saved best weights at epoch 16 with loss 0.065662
Epoch 17
-----------------------
loss: 0.061634 [0/60000]
loss: 0.066188 [9600/60000]
loss: 0.069566 [19200/60000]
loss: 0.066890 [28800/60000]
loss: 0.059122 [38400/60000]
loss: 0.065838 [48000/60000]
loss: 0.060359 [57600/60000]
Saved best weights at epoch 17 with loss 0.065356
Epoch 18
-----------------------
loss: 0.061358 [0/60000]
loss: 0.065034 [9600/60000]
loss: 0.068468 [19200/60000]
loss: 0.065733 [28800/60000]
loss: 0.058943 [38400/60000]
loss: 0.066931 [48000/60000]
loss: 0.061937 [57600/60000]
Epoch 19
-----------------------
loss: 0.061802 [0/60000]
loss: 0.065647 [9600/60000]
loss: 0.068823 [19200/60000]
loss: 0.066627 [28800/60000]
loss: 0.058619 [38400/60000]
loss: 0.067240 [48000/60000]
loss: 0.061767 [57600/60000]
Epoch 20
-----------------------
loss: 0.061287 [0/60000]
loss: 0.064444 [9600/60000]
loss: 0.068527 [19200/60000]
loss: 0.065806 [28800/60000]
loss: 0.058789 [38400/60000]
loss: 0.065842 [48000/60000]
loss: 0.061792 [57600/60000]
Epoch 21
-----------------------
loss: 0.061552 [0/60000]
loss: 0.065235 [9600/60000]
loss: 0.067814 [19200/60000]
loss: 0.065978 [28800/60000]
loss: 0.059241 [38400/60000]
loss: 0.066248 [48000/60000]
loss: 0.062865 [57600/60000]
Epoch 22
-----------------------
loss: 0.061720 [0/60000]
loss: 0.065891 [9600/60000]
loss: 0.069174 [19200/60000]
loss: 0.065457 [28800/60000]
loss: 0.058877 [38400/60000]
loss: 0.066645 [48000/60000]
loss: 0.060204 [57600/60000]
Saved best weights at epoch 22 with loss 0.065321
Epoch 23
-----------------------
loss: 0.061409 [0/60000]
loss: 0.065313 [9600/60000]
loss: 0.067628 [19200/60000]
loss: 0.066430 [28800/60000]
loss: 0.058906 [38400/60000]
loss: 0.065673 [48000/60000]
loss: 0.060792 [57600/60000]
Epoch 24
-----------------------
loss: 0.060498 [0/60000]
loss: 0.065841 [9600/60000]
loss: 0.068111 [19200/60000]
loss: 0.066394 [28800/60000]
loss: 0.059481 [38400/60000]
loss: 0.065917 [48000/60000]
loss: 0.060800 [57600/60000]
Epoch 25
-----------------------
loss: 0.061356 [0/60000]
loss: 0.064421 [9600/60000]
loss: 0.069087 [19200/60000]
loss: 0.067308 [28800/60000]
loss: 0.059355 [38400/60000]
loss: 0.065290 [48000/60000]
loss: 0.060966 [57600/60000]
Saved best weights at epoch 25 with loss 0.064671
Epoch 26
-----------------------
loss: 0.060282 [0/60000]
loss: 0.064650 [9600/60000]
loss: 0.067672 [19200/60000]
loss: 0.066115 [28800/60000]
loss: 0.059460 [38400/60000]
loss: 0.065561 [48000/60000]
loss: 0.060704 [57600/60000]
Epoch 27
-----------------------
loss: 0.060786 [0/60000]
loss: 0.065157 [9600/60000]
loss: 0.067547 [19200/60000]
loss: 0.065576 [28800/60000]
loss: 0.059690 [38400/60000]
loss: 0.066190 [48000/60000]
loss: 0.060584 [57600/60000]
Saved best weights at epoch 27 with loss 0.064605
Epoch 28
-----------------------
loss: 0.060574 [0/60000]
loss: 0.064098 [9600/60000]
loss: 0.066875 [19200/60000]
loss: 0.065833 [28800/60000]
loss: 0.059869 [38400/60000]
loss: 0.065068 [48000/60000]
loss: 0.059573 [57600/60000]
Epoch 29
-----------------------
loss: 0.060809 [0/60000]
loss: 0.064324 [9600/60000]
loss: 0.067380 [19200/60000]
loss: 0.064939 [28800/60000]
loss: 0.058068 [38400/60000]
loss: 0.064458 [48000/60000]
loss: 0.061085 [57600/60000]
Saved best weights at epoch 29 with loss 0.064334
Epoch 30
-----------------------
loss: 0.060462 [0/60000]
loss: 0.063315 [9600/60000]
loss: 0.068004 [19200/60000]
loss: 0.066007 [28800/60000]
loss: 0.058791 [38400/60000]
loss: 0.065020 [48000/60000]
loss: 0.060809 [57600/60000]
Epoch 31
-----------------------
loss: 0.060955 [0/60000]
loss: 0.063926 [9600/60000]
loss: 0.068175 [19200/60000]
loss: 0.065255 [28800/60000]
loss: 0.058265 [38400/60000]
loss: 0.065324 [48000/60000]
loss: 0.061128 [57600/60000]
Epoch 32
-----------------------
loss: 0.061178 [0/60000]
loss: 0.064874 [9600/60000]
loss: 0.068275 [19200/60000]
loss: 0.064141 [28800/60000]
loss: 0.059124 [38400/60000]
loss: 0.065444 [48000/60000]
loss: 0.060234 [57600/60000]
Saved best weights at epoch 32 with loss 0.063813
Epoch 33
-----------------------
loss: 0.059502 [0/60000]
loss: 0.063734 [9600/60000]
loss: 0.068395 [19200/60000]
loss: 0.064825 [28800/60000]
loss: 0.059589 [38400/60000]
loss: 0.065845 [48000/60000]
loss: 0.059722 [57600/60000]
Saved best weights at epoch 33 with loss 0.063810
Epoch 34
-----------------------
loss: 0.060799 [0/60000]
loss: 0.063752 [9600/60000]
loss: 0.067346 [19200/60000]
loss: 0.064511 [28800/60000]
loss: 0.059142 [38400/60000]
loss: 0.064173 [48000/60000]
loss: 0.059666 [57600/60000]
Epoch 35
-----------------------
loss: 0.060747 [0/60000]
loss: 0.065071 [9600/60000]
loss: 0.067008 [19200/60000]
loss: 0.065601 [28800/60000]
loss: 0.058966 [38400/60000]
loss: 0.064803 [48000/60000]
loss: 0.061473 [57600/60000]
Epoch 36
-----------------------
loss: 0.060131 [0/60000]
loss: 0.063133 [9600/60000]
loss: 0.067233 [19200/60000]
loss: 0.065429 [28800/60000]
loss: 0.058175 [38400/60000]
loss: 0.064661 [48000/60000]
loss: 0.060628 [57600/60000]
Epoch 37
-----------------------
loss: 0.060474 [0/60000]
loss: 0.063282 [9600/60000]
loss: 0.068632 [19200/60000]
loss: 0.065216 [28800/60000]
loss: 0.057923 [38400/60000]
loss: 0.065349 [48000/60000]
loss: 0.060179 [57600/60000]
Epoch 38
-----------------------
loss: 0.060109 [0/60000]
loss: 0.062673 [9600/60000]
loss: 0.067905 [19200/60000]
loss: 0.065680 [28800/60000]
loss: 0.058734 [38400/60000]
loss: 0.063899 [48000/60000]
loss: 0.060439 [57600/60000]
Epoch 39
-----------------------
loss: 0.061291 [0/60000]
loss: 0.063970 [9600/60000]
loss: 0.067880 [19200/60000]
loss: 0.064871 [28800/60000]
loss: 0.058534 [38400/60000]
loss: 0.064403 [48000/60000]
loss: 0.061003 [57600/60000]
Done!
[0.25129145 0.29335418 0.33255148 0.41462794 0.8622297  0.81219178
 0.85857272 0.89171845 0.90816122 0.92187911 0.99739659 1.02730322
 0.98663813 0.99208575 1.06565464 1.11454105 1.16578126 1.11397302
 1.09588814 1.18737626 1.16445351 1.1687454  1.28949606 1.26200783
 1.33580863 1.37037027 1.27444756 1.47587383 1.44083619 1.51500988
 1.50420523 1.47634375 1.42665529 1.54530215 1.57531452 1.52532148
 1.53616917 1.54753637 1.56028414 1.60254681]
[0.06806939 0.06716862 0.06591611 0.06551848 0.06387139 0.06334006
 0.0633558  0.06280619 0.06269324 0.06257059 0.06263623 0.06127597
 0.06100205 0.06109427 0.06039389 0.06010877 0.05983289 0.05978608
 0.06050821 0.05955866 0.06005214 0.05981275 0.05887385 0.05918328
 0.0589001  0.05781915 0.05865319 0.0572255  0.0575492  0.05675887
 0.05683647 0.05725162 0.05667997 0.05608312 0.05662135 0.05677745
 0.05641686 0.05632172 0.05627966 0.05605894]
[0.06932583 0.0686354  0.06757884 0.06759163 0.06818253 0.06740104
 0.06764866 0.06726478 0.06723404 0.06717999 0.06762322 0.06641248
 0.06593524 0.06605469 0.0657222  0.06568148 0.0656618  0.06535594
 0.06598765 0.06549553 0.06587442 0.06565648 0.06532133 0.06549334
 0.06557912 0.06467102 0.06502545 0.06460486 0.06475341 0.06433391
 0.06435751 0.06463333 0.06381325 0.06380963 0.06449793 0.06440405
 0.06409773 0.0640594  0.06408104 0.06407169]
