Wed Jan  5 00:49:02 2022       
+-----------------------------------------------------------------------------+
| NVIDIA-SMI 460.32.03    Driver Version: 460.32.03    CUDA Version: 11.2     |
|-------------------------------+----------------------+----------------------+
| GPU  Name        Persistence-M| Bus-Id        Disp.A | Volatile Uncorr. ECC |
| Fan  Temp  Perf  Pwr:Usage/Cap|         Memory-Usage | GPU-Util  Compute M. |
|                               |                      |               MIG M. |
|===============================+======================+======================|
|   0  Tesla P100-PCIE...  Off  | 00000000:04:00.0 Off |                    0 |
| N/A   26C    P0    39W / 250W |   1025MiB / 12198MiB |     23%      Default |
|                               |                      |                  N/A |
+-------------------------------+----------------------+----------------------+
                                                                               
+-----------------------------------------------------------------------------+
| Processes:                                                                  |
|  GPU   GI   CI        PID   Type   Process name                  GPU Memory |
|        ID   ID                                                   Usage      |
|=============================================================================|
|    0   N/A  N/A     12990      C   python                           1023MiB |
+-----------------------------------------------------------------------------+
Constructing VAESimple with gaussian reconstruction loss
Using cuda device
---------------Beginning training------------------
Epoch 0
-----------------------
loss: 0.069817 [0/60000]
loss: 0.070235 [9600/60000]
loss: 0.075159 [19200/60000]
loss: 0.071462 [28800/60000]
loss: 0.063552 [38400/60000]
loss: 0.070180 [48000/60000]
loss: 0.064864 [57600/60000]
Saved best weights at epoch 0 with loss 0.068789
Epoch 1
-----------------------
loss: 0.065025 [0/60000]
loss: 0.069670 [9600/60000]
loss: 0.073413 [19200/60000]
loss: 0.070861 [28800/60000]
loss: 0.063318 [38400/60000]
loss: 0.068177 [48000/60000]
loss: 0.063345 [57600/60000]
Saved best weights at epoch 1 with loss 0.066627
Epoch 2
-----------------------
loss: 0.063371 [0/60000]
loss: 0.068422 [9600/60000]
loss: 0.069770 [19200/60000]
loss: 0.070357 [28800/60000]
loss: 0.060908 [38400/60000]
loss: 0.066654 [48000/60000]
loss: 0.062503 [57600/60000]
Saved best weights at epoch 2 with loss 0.065678
Epoch 3
-----------------------
loss: 0.062512 [0/60000]
loss: 0.068312 [9600/60000]
loss: 0.070007 [19200/60000]
loss: 0.069697 [28800/60000]
loss: 0.059249 [38400/60000]
loss: 0.067351 [48000/60000]
loss: 0.062159 [57600/60000]
Saved best weights at epoch 3 with loss 0.065324
Epoch 4
-----------------------
loss: 0.062916 [0/60000]
loss: 0.069138 [9600/60000]
loss: 0.069906 [19200/60000]
loss: 0.068823 [28800/60000]
loss: 0.059387 [38400/60000]
loss: 0.067006 [48000/60000]
loss: 0.061995 [57600/60000]
Epoch 5
-----------------------
loss: 0.062036 [0/60000]
loss: 0.068055 [9600/60000]
loss: 0.070048 [19200/60000]
loss: 0.068654 [28800/60000]
loss: 0.059725 [38400/60000]
loss: 0.066870 [48000/60000]
loss: 0.060750 [57600/60000]
Saved best weights at epoch 5 with loss 0.065049
Epoch 6
-----------------------
loss: 0.062069 [0/60000]
loss: 0.068883 [9600/60000]
loss: 0.070199 [19200/60000]
loss: 0.067172 [28800/60000]
loss: 0.059411 [38400/60000]
loss: 0.066337 [48000/60000]
loss: 0.061589 [57600/60000]
Epoch 7
-----------------------
loss: 0.061941 [0/60000]
loss: 0.067463 [9600/60000]
loss: 0.069524 [19200/60000]
loss: 0.068232 [28800/60000]
loss: 0.058589 [38400/60000]
loss: 0.066358 [48000/60000]
loss: 0.061710 [57600/60000]
Saved best weights at epoch 7 with loss 0.064593
Epoch 8
-----------------------
loss: 0.061239 [0/60000]
loss: 0.067707 [9600/60000]
loss: 0.069427 [19200/60000]
loss: 0.066883 [28800/60000]
loss: 0.059512 [38400/60000]
loss: 0.066556 [48000/60000]
loss: 0.062472 [57600/60000]
Epoch 9
-----------------------
loss: 0.061891 [0/60000]
loss: 0.066755 [9600/60000]
loss: 0.069206 [19200/60000]
loss: 0.068809 [28800/60000]
loss: 0.058663 [38400/60000]
loss: 0.066317 [48000/60000]
loss: 0.063091 [57600/60000]
Saved best weights at epoch 9 with loss 0.064205
Epoch 10
-----------------------
loss: 0.059853 [0/60000]
loss: 0.067044 [9600/60000]
loss: 0.066885 [19200/60000]
loss: 0.064976 [28800/60000]
loss: 0.059104 [38400/60000]
loss: 0.065592 [48000/60000]
loss: 0.059990 [57600/60000]
Saved best weights at epoch 10 with loss 0.063538
Epoch 11
-----------------------
loss: 0.060137 [0/60000]
loss: 0.065895 [9600/60000]
loss: 0.066291 [19200/60000]
loss: 0.067231 [28800/60000]
loss: 0.057453 [38400/60000]
loss: 0.064381 [48000/60000]
loss: 0.060815 [57600/60000]
Saved best weights at epoch 11 with loss 0.062847
Epoch 12
-----------------------
loss: 0.061174 [0/60000]
loss: 0.064965 [9600/60000]
loss: 0.066853 [19200/60000]
loss: 0.066169 [28800/60000]
loss: 0.057843 [38400/60000]
loss: 0.064352 [48000/60000]
loss: 0.059946 [57600/60000]
Saved best weights at epoch 12 with loss 0.062637
Epoch 13
-----------------------
loss: 0.060261 [0/60000]
loss: 0.064449 [9600/60000]
loss: 0.066937 [19200/60000]
loss: 0.065040 [28800/60000]
loss: 0.058809 [38400/60000]
loss: 0.065185 [48000/60000]
loss: 0.060505 [57600/60000]
Epoch 14
-----------------------
loss: 0.060426 [0/60000]
loss: 0.063675 [9600/60000]
loss: 0.067006 [19200/60000]
loss: 0.065626 [28800/60000]
loss: 0.059386 [38400/60000]
loss: 0.065438 [48000/60000]
loss: 0.059802 [57600/60000]
Saved best weights at epoch 14 with loss 0.062545
Epoch 15
-----------------------
loss: 0.060302 [0/60000]
loss: 0.063992 [9600/60000]
loss: 0.066542 [19200/60000]
loss: 0.064131 [28800/60000]
loss: 0.057833 [38400/60000]
loss: 0.063292 [48000/60000]
loss: 0.058906 [57600/60000]
Epoch 16
-----------------------
loss: 0.060408 [0/60000]
loss: 0.062251 [9600/60000]
loss: 0.064901 [19200/60000]
loss: 0.065745 [28800/60000]
loss: 0.059112 [38400/60000]
loss: 0.064523 [48000/60000]
loss: 0.060563 [57600/60000]
Saved best weights at epoch 16 with loss 0.061862
Epoch 17
-----------------------
loss: 0.059852 [0/60000]
loss: 0.062252 [9600/60000]
loss: 0.066607 [19200/60000]
loss: 0.065343 [28800/60000]
loss: 0.057090 [38400/60000]
loss: 0.063917 [48000/60000]
loss: 0.059053 [57600/60000]
Saved best weights at epoch 17 with loss 0.061335
Epoch 18
-----------------------
loss: 0.059856 [0/60000]
loss: 0.061816 [9600/60000]
loss: 0.065525 [19200/60000]
loss: 0.064271 [28800/60000]
loss: 0.057700 [38400/60000]
loss: 0.062468 [48000/60000]
loss: 0.059223 [57600/60000]
Epoch 19
-----------------------
loss: 0.059472 [0/60000]
loss: 0.061920 [9600/60000]
loss: 0.064382 [19200/60000]
loss: 0.064708 [28800/60000]
loss: 0.057882 [38400/60000]
loss: 0.063127 [48000/60000]
loss: 0.059528 [57600/60000]
Saved best weights at epoch 19 with loss 0.061037
Epoch 20
-----------------------
loss: 0.058211 [0/60000]
loss: 0.060628 [9600/60000]
loss: 0.064383 [19200/60000]
loss: 0.064877 [28800/60000]
loss: 0.057612 [38400/60000]
loss: 0.064393 [48000/60000]
loss: 0.059231 [57600/60000]
Epoch 21
-----------------------
loss: 0.059373 [0/60000]
loss: 0.062912 [9600/60000]
loss: 0.066390 [19200/60000]
loss: 0.063202 [28800/60000]
loss: 0.057237 [38400/60000]
loss: 0.062353 [48000/60000]
loss: 0.058498 [57600/60000]
Epoch 22
-----------------------
loss: 0.057937 [0/60000]
loss: 0.062017 [9600/60000]
loss: 0.065103 [19200/60000]
loss: 0.063930 [28800/60000]
loss: 0.057903 [38400/60000]
loss: 0.063719 [48000/60000]
loss: 0.058519 [57600/60000]
Saved best weights at epoch 22 with loss 0.060944
Epoch 23
-----------------------
loss: 0.057600 [0/60000]
loss: 0.062948 [9600/60000]
loss: 0.063942 [19200/60000]
loss: 0.064187 [28800/60000]
loss: 0.056102 [38400/60000]
loss: 0.063883 [48000/60000]
loss: 0.057984 [57600/60000]
Epoch 24
-----------------------
loss: 0.057996 [0/60000]
loss: 0.062312 [9600/60000]
loss: 0.064693 [19200/60000]
loss: 0.062076 [28800/60000]
loss: 0.058892 [38400/60000]
loss: 0.063648 [48000/60000]
loss: 0.059131 [57600/60000]
Saved best weights at epoch 24 with loss 0.060861
Epoch 25
-----------------------
loss: 0.059159 [0/60000]
loss: 0.061282 [9600/60000]
loss: 0.065359 [19200/60000]
loss: 0.062683 [28800/60000]
loss: 0.056472 [38400/60000]
loss: 0.063705 [48000/60000]
loss: 0.059900 [57600/60000]
Epoch 26
-----------------------
loss: 0.057280 [0/60000]
loss: 0.061883 [9600/60000]
loss: 0.065066 [19200/60000]
loss: 0.061959 [28800/60000]
loss: 0.056909 [38400/60000]
loss: 0.063239 [48000/60000]
loss: 0.058866 [57600/60000]
Saved best weights at epoch 26 with loss 0.060723
Epoch 27
-----------------------
loss: 0.058502 [0/60000]
loss: 0.062262 [9600/60000]
loss: 0.064498 [19200/60000]
loss: 0.062021 [28800/60000]
loss: 0.056661 [38400/60000]
loss: 0.063334 [48000/60000]
loss: 0.058092 [57600/60000]
Epoch 28
-----------------------
loss: 0.059366 [0/60000]
loss: 0.061769 [9600/60000]
loss: 0.064634 [19200/60000]
loss: 0.062828 [28800/60000]
loss: 0.057397 [38400/60000]
loss: 0.062619 [48000/60000]
loss: 0.059370 [57600/60000]
Saved best weights at epoch 28 with loss 0.060537
Epoch 29
-----------------------
loss: 0.058412 [0/60000]
loss: 0.062376 [9600/60000]
loss: 0.064855 [19200/60000]
loss: 0.062331 [28800/60000]
loss: 0.055813 [38400/60000]
loss: 0.063424 [48000/60000]
loss: 0.058372 [57600/60000]
Saved best weights at epoch 29 with loss 0.060479
Epoch 30
-----------------------
loss: 0.058550 [0/60000]
loss: 0.061630 [9600/60000]
loss: 0.064705 [19200/60000]
loss: 0.062012 [28800/60000]
loss: 0.057659 [38400/60000]
loss: 0.063970 [48000/60000]
loss: 0.057959 [57600/60000]
Epoch 31
-----------------------
loss: 0.058543 [0/60000]
loss: 0.061420 [9600/60000]
loss: 0.065201 [19200/60000]
loss: 0.062525 [28800/60000]
loss: 0.056905 [38400/60000]
loss: 0.063002 [48000/60000]
loss: 0.058294 [57600/60000]
Epoch 32
-----------------------
loss: 0.057805 [0/60000]
loss: 0.061514 [9600/60000]
loss: 0.066182 [19200/60000]
loss: 0.061442 [28800/60000]
loss: 0.057631 [38400/60000]
loss: 0.062480 [48000/60000]
loss: 0.058814 [57600/60000]
Epoch 33
-----------------------
loss: 0.056712 [0/60000]
loss: 0.061856 [9600/60000]
loss: 0.064292 [19200/60000]
loss: 0.062869 [28800/60000]
loss: 0.056697 [38400/60000]
loss: 0.062290 [48000/60000]
loss: 0.058224 [57600/60000]
Saved best weights at epoch 33 with loss 0.060255
Epoch 34
-----------------------
loss: 0.057333 [0/60000]
loss: 0.060357 [9600/60000]
loss: 0.064312 [19200/60000]
loss: 0.062221 [28800/60000]
loss: 0.056298 [38400/60000]
loss: 0.063819 [48000/60000]
loss: 0.058350 [57600/60000]
Epoch 35
-----------------------
loss: 0.058645 [0/60000]
loss: 0.061992 [9600/60000]
loss: 0.064580 [19200/60000]
loss: 0.060582 [28800/60000]
loss: 0.056422 [38400/60000]
loss: 0.061451 [48000/60000]
loss: 0.058093 [57600/60000]
Epoch 36
-----------------------
loss: 0.056493 [0/60000]
loss: 0.062109 [9600/60000]
loss: 0.063791 [19200/60000]
loss: 0.061071 [28800/60000]
loss: 0.056977 [38400/60000]
loss: 0.063031 [48000/60000]
loss: 0.059074 [57600/60000]
Epoch 37
-----------------------
loss: 0.057166 [0/60000]
loss: 0.061673 [9600/60000]
loss: 0.066448 [19200/60000]
loss: 0.061255 [28800/60000]
loss: 0.058574 [38400/60000]
loss: 0.062788 [48000/60000]
loss: 0.057721 [57600/60000]
Epoch 38
-----------------------
loss: 0.057664 [0/60000]
loss: 0.062239 [9600/60000]
loss: 0.063858 [19200/60000]
loss: 0.060994 [28800/60000]
loss: 0.055644 [38400/60000]
loss: 0.062306 [48000/60000]
loss: 0.057454 [57600/60000]
Saved best weights at epoch 38 with loss 0.060207
Epoch 39
-----------------------
loss: 0.057909 [0/60000]
loss: 0.062005 [9600/60000]
loss: 0.064274 [19200/60000]
loss: 0.060100 [28800/60000]
loss: 0.056741 [38400/60000]
loss: 0.062151 [48000/60000]
loss: 0.058292 [57600/60000]
Done!
[0.45182574 0.81300706 0.78357852 0.7834509  1.03501856 1.13035989
 1.25027788 1.21327531 1.3981595  1.65148449 1.9087162  1.88953662
 2.12218308 2.15976334 2.02385306 2.23487997 2.28653479 2.30182385
 2.33301902 2.51488256 2.59405327 2.60394335 2.59135556 2.54377079
 2.51159358 2.49490499 2.65021276 2.78258967 2.70438194 2.68855619
 2.68991947 2.73080182 2.66865826 2.66886353 2.86717939 2.77274656
 2.8114934  2.74770236 2.74391699 2.7492938 ]
[0.06652962 0.06256158 0.06175964 0.06140708 0.06022815 0.05939696
 0.05883207 0.05852691 0.05760318 0.05594728 0.05399439 0.05339941
 0.05202652 0.05202117 0.05242607 0.05143669 0.05042942 0.04982636
 0.04968168 0.04846257 0.04829825 0.04802806 0.04798689 0.04839259
 0.04830284 0.04842325 0.0474716  0.04687016 0.04701486 0.04703639
 0.04745414 0.04694347 0.04727997 0.0469103  0.04644321 0.04672121
 0.04644492 0.04664875 0.04648782 0.04669634]
[0.06878872 0.06662661 0.06567752 0.06532435 0.06540325 0.06504875
 0.06508347 0.06459328 0.06459397 0.06420471 0.06353799 0.0628471
 0.06263743 0.06281998 0.06254532 0.06261109 0.0618621  0.06133549
 0.06134677 0.06103698 0.06126851 0.06104778 0.06094367 0.06111144
 0.06086081 0.06089776 0.06072264 0.0607831  0.06053676 0.06047918
 0.06090372 0.06059751 0.06062327 0.06025459 0.06077914 0.06058495
 0.06050239 0.06038727 0.06020742 0.06044281]
