Wed Jan  5 00:48:29 2022       
+-----------------------------------------------------------------------------+
| NVIDIA-SMI 460.32.03    Driver Version: 460.32.03    CUDA Version: 11.2     |
|-------------------------------+----------------------+----------------------+
| GPU  Name        Persistence-M| Bus-Id        Disp.A | Volatile Uncorr. ECC |
| Fan  Temp  Perf  Pwr:Usage/Cap|         Memory-Usage | GPU-Util  Compute M. |
|                               |                      |               MIG M. |
|===============================+======================+======================|
|   0  Tesla P100-PCIE...  Off  | 00000000:04:00.0 Off |                    0 |
| N/A   24C    P0    24W / 250W |      0MiB / 12198MiB |      0%      Default |
|                               |                      |                  N/A |
+-------------------------------+----------------------+----------------------+
                                                                               
+-----------------------------------------------------------------------------+
| Processes:                                                                  |
|  GPU   GI   CI        PID   Type   Process name                  GPU Memory |
|        ID   ID                                                   Usage      |
|=============================================================================|
|  No running processes found                                                 |
+-----------------------------------------------------------------------------+
Constructing VAESimple with bernoulli reconstruction loss
Using cuda device
---------------Beginning training------------------
Epoch 0
-----------------------
loss: 0.927973 [0/60000]
loss: 0.262535 [9600/60000]
loss: 0.270083 [19200/60000]
loss: 0.260777 [28800/60000]
loss: 0.225109 [38400/60000]
loss: 0.238003 [48000/60000]
loss: 0.229680 [57600/60000]
Saved best weights at epoch 0 with loss 0.236563
Epoch 1
-----------------------
loss: 0.231297 [0/60000]
loss: 0.230918 [9600/60000]
loss: 0.241031 [19200/60000]
loss: 0.230459 [28800/60000]
loss: 0.212450 [38400/60000]
loss: 0.224041 [48000/60000]
loss: 0.207300 [57600/60000]
Saved best weights at epoch 1 with loss 0.219775
Epoch 2
-----------------------
loss: 0.211795 [0/60000]
loss: 0.216888 [9600/60000]
loss: 0.218650 [19200/60000]
loss: 0.212486 [28800/60000]
loss: 0.201383 [38400/60000]
loss: 0.205017 [48000/60000]
loss: 0.197632 [57600/60000]
Saved best weights at epoch 2 with loss 0.209590
Epoch 3
-----------------------
loss: 0.200298 [0/60000]
loss: 0.205275 [9600/60000]
loss: 0.204912 [19200/60000]
loss: 0.206373 [28800/60000]
loss: 0.192196 [38400/60000]
loss: 0.198522 [48000/60000]
loss: 0.196575 [57600/60000]
Saved best weights at epoch 3 with loss 0.204604
Epoch 4
-----------------------
loss: 0.195943 [0/60000]
loss: 0.200474 [9600/60000]
loss: 0.203859 [19200/60000]
loss: 0.194946 [28800/60000]
loss: 0.183782 [38400/60000]
loss: 0.193320 [48000/60000]
loss: 0.188987 [57600/60000]
Saved best weights at epoch 4 with loss 0.201236
Epoch 5
-----------------------
loss: 0.192419 [0/60000]
loss: 0.193814 [9600/60000]
loss: 0.197417 [19200/60000]
loss: 0.191625 [28800/60000]
loss: 0.176284 [38400/60000]
loss: 0.189439 [48000/60000]
loss: 0.185423 [57600/60000]
Epoch 6
-----------------------
loss: 0.187850 [0/60000]
loss: 0.191019 [9600/60000]
loss: 0.193953 [19200/60000]
loss: 0.188810 [28800/60000]
loss: 0.179696 [38400/60000]
loss: 0.189304 [48000/60000]
loss: 0.187637 [57600/60000]
Epoch 7
-----------------------
loss: 0.184925 [0/60000]
loss: 0.193567 [9600/60000]
loss: 0.190154 [19200/60000]
loss: 0.185321 [28800/60000]
loss: 0.176138 [38400/60000]
loss: 0.187103 [48000/60000]
loss: 0.184987 [57600/60000]
Saved best weights at epoch 7 with loss 0.199740
Epoch 8
-----------------------
loss: 0.184371 [0/60000]
loss: 0.190141 [9600/60000]
loss: 0.186085 [19200/60000]
loss: 0.181653 [28800/60000]
loss: 0.175377 [38400/60000]
loss: 0.183609 [48000/60000]
loss: 0.180258 [57600/60000]
Saved best weights at epoch 8 with loss 0.199028
Epoch 9
-----------------------
loss: 0.180979 [0/60000]
loss: 0.185387 [9600/60000]
loss: 0.185840 [19200/60000]
loss: 0.181686 [28800/60000]
loss: 0.171544 [38400/60000]
loss: 0.182914 [48000/60000]
loss: 0.180258 [57600/60000]
Epoch 10
-----------------------
loss: 0.180193 [0/60000]
loss: 0.186562 [9600/60000]
loss: 0.187894 [19200/60000]
loss: 0.181670 [28800/60000]
loss: 0.168626 [38400/60000]
loss: 0.183781 [48000/60000]
loss: 0.180072 [57600/60000]
Saved best weights at epoch 10 with loss 0.193438
Epoch 11
-----------------------
loss: 0.175836 [0/60000]
loss: 0.186781 [9600/60000]
loss: 0.184092 [19200/60000]
loss: 0.177586 [28800/60000]
loss: 0.168303 [38400/60000]
loss: 0.184408 [48000/60000]
loss: 0.179968 [57600/60000]
Epoch 12
-----------------------
loss: 0.176156 [0/60000]
loss: 0.184801 [9600/60000]
loss: 0.182257 [19200/60000]
loss: 0.180002 [28800/60000]
loss: 0.166181 [38400/60000]
loss: 0.181568 [48000/60000]
loss: 0.174614 [57600/60000]
Epoch 13
-----------------------
loss: 0.174921 [0/60000]
loss: 0.183061 [9600/60000]
loss: 0.182348 [19200/60000]
loss: 0.176906 [28800/60000]
loss: 0.169232 [38400/60000]
loss: 0.180206 [48000/60000]
loss: 0.180159 [57600/60000]
Saved best weights at epoch 13 with loss 0.184706
Epoch 14
-----------------------
loss: 0.173128 [0/60000]
loss: 0.183510 [9600/60000]
loss: 0.178162 [19200/60000]
loss: 0.174030 [28800/60000]
loss: 0.165842 [38400/60000]
loss: 0.180946 [48000/60000]
loss: 0.176340 [57600/60000]
Epoch 15
-----------------------
loss: 0.174490 [0/60000]
loss: 0.180310 [9600/60000]
loss: 0.180771 [19200/60000]
loss: 0.174461 [28800/60000]
loss: 0.168835 [38400/60000]
loss: 0.178632 [48000/60000]
loss: 0.176313 [57600/60000]
Epoch 16
-----------------------
loss: 0.175039 [0/60000]
loss: 0.180888 [9600/60000]
loss: 0.180216 [19200/60000]
loss: 0.177650 [28800/60000]
loss: 0.167987 [38400/60000]
loss: 0.177899 [48000/60000]
loss: 0.174361 [57600/60000]
Epoch 17
-----------------------
loss: 0.172396 [0/60000]
loss: 0.180261 [9600/60000]
loss: 0.178281 [19200/60000]
loss: 0.174143 [28800/60000]
loss: 0.166824 [38400/60000]
loss: 0.176161 [48000/60000]
loss: 0.177364 [57600/60000]
Epoch 18
-----------------------
loss: 0.169815 [0/60000]
loss: 0.178413 [9600/60000]
loss: 0.182233 [19200/60000]
loss: 0.173091 [28800/60000]
loss: 0.165990 [38400/60000]
loss: 0.179279 [48000/60000]
loss: 0.175868 [57600/60000]
Epoch 19
-----------------------
loss: 0.170363 [0/60000]
loss: 0.181538 [9600/60000]
loss: 0.178946 [19200/60000]
loss: 0.170449 [28800/60000]
loss: 0.165901 [38400/60000]
loss: 0.177215 [48000/60000]
loss: 0.172061 [57600/60000]
Epoch 20
-----------------------
loss: 0.169767 [0/60000]
loss: 0.179676 [9600/60000]
loss: 0.178384 [19200/60000]
loss: 0.175325 [28800/60000]
loss: 0.163510 [38400/60000]
loss: 0.175248 [48000/60000]
loss: 0.171298 [57600/60000]
Epoch 21
-----------------------
loss: 0.170920 [0/60000]
loss: 0.181640 [9600/60000]
loss: 0.176445 [19200/60000]
loss: 0.175331 [28800/60000]
loss: 0.166689 [38400/60000]
loss: 0.177203 [48000/60000]
loss: 0.173769 [57600/60000]
Epoch 22
-----------------------
loss: 0.171206 [0/60000]
loss: 0.177294 [9600/60000]
loss: 0.177114 [19200/60000]
loss: 0.175770 [28800/60000]
loss: 0.163504 [38400/60000]
loss: 0.176575 [48000/60000]
loss: 0.169882 [57600/60000]
Epoch 23
-----------------------
loss: 0.171987 [0/60000]
loss: 0.177573 [9600/60000]
loss: 0.178941 [19200/60000]
loss: 0.170286 [28800/60000]
loss: 0.163358 [38400/60000]
loss: 0.177920 [48000/60000]
loss: 0.170929 [57600/60000]
Epoch 24
-----------------------
loss: 0.172839 [0/60000]
loss: 0.177107 [9600/60000]
loss: 0.175801 [19200/60000]
loss: 0.172740 [28800/60000]
loss: 0.163281 [38400/60000]
loss: 0.175588 [48000/60000]
loss: 0.174095 [57600/60000]
Epoch 25
-----------------------
loss: 0.172678 [0/60000]
loss: 0.178123 [9600/60000]
loss: 0.175687 [19200/60000]
loss: 0.174621 [28800/60000]
loss: 0.162777 [38400/60000]
loss: 0.173649 [48000/60000]
loss: 0.172549 [57600/60000]
Saved best weights at epoch 25 with loss 0.182920
Epoch 26
-----------------------
loss: 0.169080 [0/60000]
loss: 0.178612 [9600/60000]
loss: 0.176709 [19200/60000]
loss: 0.172112 [28800/60000]
loss: 0.164939 [38400/60000]
loss: 0.176166 [48000/60000]
loss: 0.170341 [57600/60000]
Saved best weights at epoch 26 with loss 0.182424
Epoch 27
-----------------------
loss: 0.168132 [0/60000]
loss: 0.177345 [9600/60000]
loss: 0.174570 [19200/60000]
loss: 0.170924 [28800/60000]
loss: 0.161933 [38400/60000]
loss: 0.176905 [48000/60000]
loss: 0.171898 [57600/60000]
Epoch 28
-----------------------
loss: 0.167810 [0/60000]
loss: 0.176814 [9600/60000]
loss: 0.176462 [19200/60000]
loss: 0.170897 [28800/60000]
loss: 0.162353 [38400/60000]
loss: 0.173584 [48000/60000]
loss: 0.174253 [57600/60000]
Saved best weights at epoch 28 with loss 0.180694
Epoch 29
-----------------------
loss: 0.167980 [0/60000]
loss: 0.176306 [9600/60000]
loss: 0.177853 [19200/60000]
loss: 0.172031 [28800/60000]
loss: 0.165225 [38400/60000]
loss: 0.176748 [48000/60000]
loss: 0.169672 [57600/60000]
Saved best weights at epoch 29 with loss 0.180544
Epoch 30
-----------------------
loss: 0.170193 [0/60000]
loss: 0.177093 [9600/60000]
loss: 0.173762 [19200/60000]
loss: 0.170106 [28800/60000]
loss: 0.160509 [38400/60000]
loss: 0.174113 [48000/60000]
loss: 0.170166 [57600/60000]
Epoch 31
-----------------------
loss: 0.169415 [0/60000]
loss: 0.178762 [9600/60000]
loss: 0.174615 [19200/60000]
loss: 0.171459 [28800/60000]
loss: 0.160385 [38400/60000]
loss: 0.174388 [48000/60000]
loss: 0.169169 [57600/60000]
Epoch 32
-----------------------
loss: 0.167302 [0/60000]
loss: 0.176525 [9600/60000]
loss: 0.173654 [19200/60000]
loss: 0.170870 [28800/60000]
loss: 0.160815 [38400/60000]
loss: 0.176629 [48000/60000]
loss: 0.171644 [57600/60000]
Epoch 33
-----------------------
loss: 0.168701 [0/60000]
loss: 0.180507 [9600/60000]
loss: 0.172800 [19200/60000]
loss: 0.169366 [28800/60000]
loss: 0.161889 [38400/60000]
loss: 0.174989 [48000/60000]
loss: 0.172117 [57600/60000]
Epoch 34
-----------------------
loss: 0.166564 [0/60000]
loss: 0.176105 [9600/60000]
loss: 0.173405 [19200/60000]
loss: 0.171832 [28800/60000]
loss: 0.160927 [38400/60000]
loss: 0.173941 [48000/60000]
loss: 0.169425 [57600/60000]
Epoch 35
-----------------------
loss: 0.169254 [0/60000]
loss: 0.174048 [9600/60000]
loss: 0.172406 [19200/60000]
loss: 0.170108 [28800/60000]
loss: 0.161019 [38400/60000]
loss: 0.175764 [48000/60000]
loss: 0.169971 [57600/60000]
Epoch 36
-----------------------
loss: 0.168577 [0/60000]
loss: 0.176789 [9600/60000]
loss: 0.172123 [19200/60000]
loss: 0.170567 [28800/60000]
loss: 0.162323 [38400/60000]
loss: 0.173751 [48000/60000]
loss: 0.169524 [57600/60000]
Epoch 37
-----------------------
loss: 0.165386 [0/60000]
loss: 0.173769 [9600/60000]
loss: 0.172554 [19200/60000]
loss: 0.171191 [28800/60000]
loss: 0.163962 [38400/60000]
loss: 0.172554 [48000/60000]
loss: 0.168396 [57600/60000]
Epoch 38
-----------------------
loss: 0.166379 [0/60000]
loss: 0.176587 [9600/60000]
loss: 0.173431 [19200/60000]
loss: 0.169164 [28800/60000]
loss: 0.164698 [38400/60000]
loss: 0.174042 [48000/60000]
loss: 0.167884 [57600/60000]
Epoch 39
-----------------------
loss: 0.169191 [0/60000]
loss: 0.176176 [9600/60000]
loss: 0.171417 [19200/60000]
loss: 0.167312 [28800/60000]
loss: 0.161703 [38400/60000]
loss: 0.174089 [48000/60000]
loss: 0.168609 [57600/60000]
Saved best weights at epoch 39 with loss 0.180487
Done!
[3.55542636 5.19242716 5.75135183 6.32657766 7.04539537 7.40745306
 7.42757702 8.17602062 8.03822327 8.18577003 8.46586037 8.67041874
 8.85845375 8.84891033 8.97936058 9.00368118 9.15342617 9.32510757
 9.30760288 9.4666872  9.38696766 9.43731499 9.38558006 9.29397488
 9.5161047  9.54134178 9.51194859 9.54952812 9.7104435  9.64463425
 9.76360321 9.68889618 9.82227135 9.75164032 9.74961281 9.68333149
 9.86640358 9.86629009 9.83075428 9.87145996]
[0.21878579 0.19381265 0.18083328 0.17297129 0.16600904 0.16520633
 0.16457987 0.15886022 0.15883702 0.16317458 0.15110849 0.15101986
 0.152916   0.1404611  0.14628062 0.14800867 0.14339931 0.14314283
 0.13989094 0.14199148 0.14008895 0.13827907 0.14284441 0.13946603
 0.13780245 0.1352134  0.13486442 0.13651255 0.13214232 0.13232091
 0.13443342 0.13282217 0.13291781 0.13287582 0.1350705  0.13343199
 0.13237466 0.13185936 0.13170834 0.1311295 ]
[0.23656285 0.21977478 0.20959002 0.20460421 0.20123601 0.2022436
 0.20171775 0.19974035 0.19902807 0.20410348 0.19343784 0.19437198
 0.19720834 0.18470569 0.19117737 0.19302712 0.18916638 0.18976837
 0.18642895 0.18932496 0.18702382 0.18546565 0.18977237 0.18593588
 0.18538298 0.18292017 0.18242413 0.1842602  0.18069445 0.18054406
 0.1832514  0.18126673 0.18202913 0.18163398 0.18381856 0.18184866
 0.18170668 0.18119077 0.18086208 0.18048672]
