Wed Jan  5 00:52:33 2022       
+-----------------------------------------------------------------------------+
| NVIDIA-SMI 460.32.03    Driver Version: 460.32.03    CUDA Version: 11.2     |
|-------------------------------+----------------------+----------------------+
| GPU  Name        Persistence-M| Bus-Id        Disp.A | Volatile Uncorr. ECC |
| Fan  Temp  Perf  Pwr:Usage/Cap|         Memory-Usage | GPU-Util  Compute M. |
|                               |                      |               MIG M. |
|===============================+======================+======================|
|   0  Tesla P100-PCIE...  Off  | 00000000:04:00.0 Off |                    0 |
| N/A   31C    P0    68W / 250W |   3145MiB / 12198MiB |     98%      Default |
|                               |                      |                  N/A |
+-------------------------------+----------------------+----------------------+
                                                                               
+-----------------------------------------------------------------------------+
| Processes:                                                                  |
|  GPU   GI   CI        PID   Type   Process name                  GPU Memory |
|        ID   ID                                                   Usage      |
|=============================================================================|
|    0   N/A  N/A     12990      C   python                           1023MiB |
|    0   N/A  N/A     13121      C   python                           1025MiB |
|    0   N/A  N/A     13662      C   python                           1095MiB |
+-----------------------------------------------------------------------------+
Constructing VAE with bernoulli reconstruction loss
Using cuda device
---------------Beginning training------------------
Epoch 0
-----------------------
loss: 1.282559 [0/60000]
loss: 0.261904 [9600/60000]
loss: 0.271175 [19200/60000]
loss: 0.261789 [28800/60000]
loss: 0.233783 [38400/60000]
loss: 0.243020 [48000/60000]
loss: 0.235647 [57600/60000]
Saved best weights at epoch 0 with loss 0.271300
Epoch 1
-----------------------
loss: 0.242652 [0/60000]
loss: 0.229673 [9600/60000]
loss: 0.244419 [19200/60000]
loss: 0.233022 [28800/60000]
loss: 0.212643 [38400/60000]
loss: 0.225201 [48000/60000]
loss: 0.207129 [57600/60000]
Saved best weights at epoch 1 with loss 0.227440
Epoch 2
-----------------------
loss: 0.214574 [0/60000]
loss: 0.215790 [9600/60000]
loss: 0.221182 [19200/60000]
loss: 0.213098 [28800/60000]
loss: 0.201615 [38400/60000]
loss: 0.214025 [48000/60000]
loss: 0.206014 [57600/60000]
Saved best weights at epoch 2 with loss 0.216012
Epoch 3
-----------------------
loss: 0.203367 [0/60000]
loss: 0.205497 [9600/60000]
loss: 0.213305 [19200/60000]
loss: 0.205807 [28800/60000]
loss: 0.197030 [38400/60000]
loss: 0.207588 [48000/60000]
loss: 0.198896 [57600/60000]
Saved best weights at epoch 3 with loss 0.209351
Epoch 4
-----------------------
loss: 0.199494 [0/60000]
loss: 0.203548 [9600/60000]
loss: 0.212993 [19200/60000]
loss: 0.201268 [28800/60000]
loss: 0.193084 [38400/60000]
loss: 0.206518 [48000/60000]
loss: 0.199290 [57600/60000]
Saved best weights at epoch 4 with loss 0.206823
Epoch 5
-----------------------
loss: 0.197957 [0/60000]
loss: 0.200348 [9600/60000]
loss: 0.210416 [19200/60000]
loss: 0.200374 [28800/60000]
loss: 0.191954 [38400/60000]
loss: 0.203388 [48000/60000]
loss: 0.196126 [57600/60000]
Saved best weights at epoch 5 with loss 0.205414
Epoch 6
-----------------------
loss: 0.195503 [0/60000]
loss: 0.202905 [9600/60000]
loss: 0.205152 [19200/60000]
loss: 0.198346 [28800/60000]
loss: 0.187187 [38400/60000]
loss: 0.202788 [48000/60000]
loss: 0.197300 [57600/60000]
Saved best weights at epoch 6 with loss 0.202855
Epoch 7
-----------------------
loss: 0.190817 [0/60000]
loss: 0.198829 [9600/60000]
loss: 0.204147 [19200/60000]
loss: 0.196523 [28800/60000]
loss: 0.188316 [38400/60000]
loss: 0.199776 [48000/60000]
loss: 0.195371 [57600/60000]
Saved best weights at epoch 7 with loss 0.201976
Epoch 8
-----------------------
loss: 0.193314 [0/60000]
loss: 0.199795 [9600/60000]
loss: 0.204077 [19200/60000]
loss: 0.197621 [28800/60000]
loss: 0.184298 [38400/60000]
loss: 0.199380 [48000/60000]
loss: 0.190944 [57600/60000]
Saved best weights at epoch 8 with loss 0.198121
Epoch 9
-----------------------
loss: 0.189969 [0/60000]
loss: 0.197503 [9600/60000]
loss: 0.201476 [19200/60000]
loss: 0.191641 [28800/60000]
loss: 0.184976 [38400/60000]
loss: 0.198537 [48000/60000]
loss: 0.191215 [57600/60000]
Epoch 10
-----------------------
loss: 0.190967 [0/60000]
loss: 0.198497 [9600/60000]
loss: 0.203043 [19200/60000]
loss: 0.192809 [28800/60000]
loss: 0.184830 [38400/60000]
loss: 0.199012 [48000/60000]
loss: 0.193535 [57600/60000]
Epoch 11
-----------------------
loss: 0.192077 [0/60000]
loss: 0.197601 [9600/60000]
loss: 0.201469 [19200/60000]
loss: 0.191916 [28800/60000]
loss: 0.185070 [38400/60000]
loss: 0.200189 [48000/60000]
loss: 0.191887 [57600/60000]
Epoch 12
-----------------------
loss: 0.189297 [0/60000]
loss: 0.199303 [9600/60000]
loss: 0.201120 [19200/60000]
loss: 0.190580 [28800/60000]
loss: 0.185214 [38400/60000]
loss: 0.197984 [48000/60000]
loss: 0.192796 [57600/60000]
Saved best weights at epoch 12 with loss 0.197321
Epoch 13
-----------------------
loss: 0.186412 [0/60000]
loss: 0.196230 [9600/60000]
loss: 0.201569 [19200/60000]
loss: 0.193113 [28800/60000]
loss: 0.181787 [38400/60000]
loss: 0.198199 [48000/60000]
loss: 0.191446 [57600/60000]
Saved best weights at epoch 13 with loss 0.196349
Epoch 14
-----------------------
loss: 0.185212 [0/60000]
loss: 0.196325 [9600/60000]
loss: 0.196716 [19200/60000]
loss: 0.188668 [28800/60000]
loss: 0.183656 [38400/60000]
loss: 0.196414 [48000/60000]
loss: 0.191111 [57600/60000]
Saved best weights at epoch 14 with loss 0.194587
Epoch 15
-----------------------
loss: 0.185947 [0/60000]
loss: 0.198458 [9600/60000]
loss: 0.198083 [19200/60000]
loss: 0.187770 [28800/60000]
loss: 0.179229 [38400/60000]
loss: 0.196067 [48000/60000]
loss: 0.188498 [57600/60000]
Epoch 16
-----------------------
loss: 0.185077 [0/60000]
loss: 0.197220 [9600/60000]
loss: 0.198578 [19200/60000]
loss: 0.187991 [28800/60000]
loss: 0.179789 [38400/60000]
loss: 0.195763 [48000/60000]
loss: 0.188901 [57600/60000]
Epoch 17
-----------------------
loss: 0.184785 [0/60000]
loss: 0.197307 [9600/60000]
loss: 0.198874 [19200/60000]
loss: 0.189315 [28800/60000]
loss: 0.179420 [38400/60000]
loss: 0.195281 [48000/60000]
loss: 0.189019 [57600/60000]
Epoch 18
-----------------------
loss: 0.189540 [0/60000]
loss: 0.195887 [9600/60000]
loss: 0.197549 [19200/60000]
loss: 0.185823 [28800/60000]
loss: 0.179620 [38400/60000]
loss: 0.198526 [48000/60000]
loss: 0.189605 [57600/60000]
Saved best weights at epoch 18 with loss 0.193626
Epoch 19
-----------------------
loss: 0.184649 [0/60000]
loss: 0.196139 [9600/60000]
loss: 0.195368 [19200/60000]
loss: 0.187101 [28800/60000]
loss: 0.179775 [38400/60000]
loss: 0.196544 [48000/60000]
loss: 0.188476 [57600/60000]
Epoch 20
-----------------------
loss: 0.182902 [0/60000]
loss: 0.193979 [9600/60000]
loss: 0.196355 [19200/60000]
loss: 0.185241 [28800/60000]
loss: 0.180469 [38400/60000]
loss: 0.196340 [48000/60000]
loss: 0.188415 [57600/60000]
Saved best weights at epoch 20 with loss 0.192442
Epoch 21
-----------------------
loss: 0.183892 [0/60000]
loss: 0.193788 [9600/60000]
loss: 0.194226 [19200/60000]
loss: 0.187167 [28800/60000]
loss: 0.178263 [38400/60000]
loss: 0.198387 [48000/60000]
loss: 0.187045 [57600/60000]
Epoch 22
-----------------------
loss: 0.182813 [0/60000]
loss: 0.196291 [9600/60000]
loss: 0.193995 [19200/60000]
loss: 0.186173 [28800/60000]
loss: 0.177141 [38400/60000]
loss: 0.193384 [48000/60000]
loss: 0.187849 [57600/60000]
Epoch 23
-----------------------
loss: 0.182162 [0/60000]
loss: 0.193439 [9600/60000]
loss: 0.193842 [19200/60000]
loss: 0.184180 [28800/60000]
loss: 0.178042 [38400/60000]
loss: 0.195235 [48000/60000]
loss: 0.186196 [57600/60000]
Epoch 24
-----------------------
loss: 0.185598 [0/60000]
loss: 0.194671 [9600/60000]
loss: 0.195355 [19200/60000]
loss: 0.185448 [28800/60000]
loss: 0.177933 [38400/60000]
loss: 0.193729 [48000/60000]
loss: 0.188658 [57600/60000]
Saved best weights at epoch 24 with loss 0.191698
Epoch 25
-----------------------
loss: 0.180576 [0/60000]
loss: 0.191073 [9600/60000]
loss: 0.193437 [19200/60000]
loss: 0.183967 [28800/60000]
loss: 0.176298 [38400/60000]
loss: 0.195304 [48000/60000]
loss: 0.187035 [57600/60000]
Saved best weights at epoch 25 with loss 0.190769
Epoch 26
-----------------------
loss: 0.181564 [0/60000]
loss: 0.192667 [9600/60000]
loss: 0.192765 [19200/60000]
loss: 0.183690 [28800/60000]
loss: 0.177031 [38400/60000]
loss: 0.193162 [48000/60000]
loss: 0.187349 [57600/60000]
Epoch 27
-----------------------
loss: 0.181238 [0/60000]
loss: 0.195519 [9600/60000]
loss: 0.193350 [19200/60000]
loss: 0.182896 [28800/60000]
loss: 0.178724 [38400/60000]
loss: 0.193857 [48000/60000]
loss: 0.185460 [57600/60000]
Saved best weights at epoch 27 with loss 0.190495
Epoch 28
-----------------------
loss: 0.181049 [0/60000]
loss: 0.191490 [9600/60000]
loss: 0.193822 [19200/60000]
loss: 0.184029 [28800/60000]
loss: 0.178609 [38400/60000]
loss: 0.192825 [48000/60000]
loss: 0.189324 [57600/60000]
Saved best weights at epoch 28 with loss 0.189918
Epoch 29
-----------------------
loss: 0.181699 [0/60000]
loss: 0.192390 [9600/60000]
loss: 0.192082 [19200/60000]
loss: 0.185082 [28800/60000]
loss: 0.177706 [38400/60000]
loss: 0.194398 [48000/60000]
loss: 0.187064 [57600/60000]
Epoch 30
-----------------------
loss: 0.180519 [0/60000]
loss: 0.192305 [9600/60000]
loss: 0.189766 [19200/60000]
loss: 0.183449 [28800/60000]
loss: 0.177370 [38400/60000]
loss: 0.190560 [48000/60000]
loss: 0.185680 [57600/60000]
Epoch 31
-----------------------
loss: 0.180676 [0/60000]
loss: 0.192425 [9600/60000]
loss: 0.194067 [19200/60000]
loss: 0.179305 [28800/60000]
loss: 0.175463 [38400/60000]
loss: 0.196334 [48000/60000]
loss: 0.184644 [57600/60000]
Epoch 32
-----------------------
loss: 0.179238 [0/60000]
loss: 0.194557 [9600/60000]
loss: 0.191808 [19200/60000]
loss: 0.183150 [28800/60000]
loss: 0.177156 [38400/60000]
loss: 0.192222 [48000/60000]
loss: 0.186692 [57600/60000]
Saved best weights at epoch 32 with loss 0.189574
Epoch 33
-----------------------
loss: 0.178513 [0/60000]
loss: 0.190219 [9600/60000]
loss: 0.190382 [19200/60000]
loss: 0.182586 [28800/60000]
loss: 0.176485 [38400/60000]
loss: 0.192266 [48000/60000]
loss: 0.186993 [57600/60000]
Epoch 34
-----------------------
loss: 0.177023 [0/60000]
loss: 0.189804 [9600/60000]
loss: 0.190802 [19200/60000]
loss: 0.183091 [28800/60000]
loss: 0.176986 [38400/60000]
loss: 0.189975 [48000/60000]
loss: 0.185782 [57600/60000]
Epoch 35
-----------------------
loss: 0.178830 [0/60000]
loss: 0.191249 [9600/60000]
loss: 0.190522 [19200/60000]
loss: 0.182508 [28800/60000]
loss: 0.174837 [38400/60000]
loss: 0.192934 [48000/60000]
loss: 0.185116 [57600/60000]
Epoch 36
-----------------------
loss: 0.179203 [0/60000]
loss: 0.189637 [9600/60000]
loss: 0.190054 [19200/60000]
loss: 0.180721 [28800/60000]
loss: 0.174708 [38400/60000]
loss: 0.193572 [48000/60000]
loss: 0.185484 [57600/60000]
Epoch 37
-----------------------
loss: 0.178539 [0/60000]
loss: 0.191706 [9600/60000]
loss: 0.191723 [19200/60000]
loss: 0.183707 [28800/60000]
loss: 0.175935 [38400/60000]
loss: 0.195183 [48000/60000]
loss: 0.183297 [57600/60000]
Epoch 38
-----------------------
loss: 0.179598 [0/60000]
loss: 0.189746 [9600/60000]
loss: 0.191480 [19200/60000]
loss: 0.182027 [28800/60000]
loss: 0.174711 [38400/60000]
loss: 0.191654 [48000/60000]
loss: 0.185368 [57600/60000]
Saved best weights at epoch 38 with loss 0.189226
Epoch 39
-----------------------
loss: 0.177549 [0/60000]
loss: 0.190068 [9600/60000]
loss: 0.191088 [19200/60000]
loss: 0.180724 [28800/60000]
loss: 0.176140 [38400/60000]
loss: 0.191663 [48000/60000]
loss: 0.183937 [57600/60000]
Saved best weights at epoch 39 with loss 0.189217
Done!
[3.93720603 4.92255354 5.09616661 5.42994022 5.53507566 5.35283327
 5.61276627 5.77149391 5.69729996 5.6309185  5.7285018  5.78511047
 5.84859753 5.85721207 5.9020853  5.96097183 5.97643185 6.14894009
 6.08251476 6.18583775 6.21848869 6.1561718  6.2277379  6.23172379
 6.1921711  6.26582909 6.36753941 6.27299023 6.38738394 6.36371708
 6.40123129 6.4893384  6.37583208 6.38047266 6.45541716 6.50488806
 6.5243516  6.47070265 6.42376041 6.38543606]
[0.25161374 0.20282717 0.19053099 0.18220101 0.17914802 0.17864968
 0.17479059 0.17311813 0.16963483 0.17333473 0.17356977 0.17085165
 0.16807766 0.16706276 0.16507605 0.16660093 0.16495921 0.16511853
 0.1632138  0.16462013 0.16134989 0.1626382  0.16177765 0.16255018
 0.16073725 0.15944004 0.16109796 0.1591302  0.15798083 0.16089503
 0.15882146 0.15822211 0.15769517 0.15915664 0.1588468  0.15762947
 0.15777624 0.15838    0.15710677 0.15728992]
[0.27129978 0.22743993 0.21601176 0.20935078 0.20682336 0.20541385
 0.20285453 0.20197561 0.19812138 0.2014893  0.20221226 0.19977717
 0.19732065 0.19634885 0.1945865  0.1964058  0.19484143 0.19586325
 0.19362645 0.19554931 0.19244231 0.19341905 0.19291633 0.19370885
 0.19169804 0.19076923 0.19293563 0.19049516 0.18991774 0.19271365
 0.19082761 0.19066881 0.18957436 0.19105898 0.19112393 0.19015385
 0.19039801 0.19073357 0.18922557 0.18921706]
